Arguments: 
  /opt/homebrew/Cellar/node/16.0.0_1/bin/node /opt/homebrew/Cellar/yarn/1.22.10/libexec/bin/yarn.js init -y

PATH: 
  /opt/homebrew/bin:/opt/homebrew/opt/mysql-client@5.7/bin:/usr/local/opt/mysql-client/bin:/opt/homebrew/bin:/usr/local/bin:/usr/bin:/bin:/usr/sbin:/sbin:/Library/Apple/usr/bin

Yarn version: 
  1.22.10

Node version: 
  16.0.0

Platform: 
  darwin arm64

Trace: 
  SyntaxError: /Users/chahyeonho/IdeaProjects/vanilla-redux/package.json: Unexpected end of JSON input
      at JSON.parse (<anonymous>)
      at /opt/homebrew/Cellar/yarn/1.22.10/libexec/lib/cli.js:1625:59
      at Generator.next (<anonymous>)
      at step (/opt/homebrew/Cellar/yarn/1.22.10/libexec/lib/cli.js:310:30)
      at /opt/homebrew/Cellar/yarn/1.22.10/libexec/lib/cli.js:321:13

npm manifest: 
  

yarn manifest: 
  No manifest

Lockfile: 
  No lockfile
